<?xml version="1.0" encoding="UTF-8"?>
<testsuite name="com.virtuslab.internship.discount.TenPercentDiscountTest" tests="2" skipped="0" failures="0" errors="0" timestamp="2022-04-01T13:55:52" hostname="PK-PC" time="0.018">
  <properties/>
  <testcase name="shouldNotApply10PercentDiscountWhenPriceIsBelow50()" classname="com.virtuslab.internship.discount.TenPercentDiscountTest" time="0.016"/>
  <testcase name="shouldApply10PercentDiscountWhenPriceIsAbove50()" classname="com.virtuslab.internship.discount.TenPercentDiscountTest" time="0.001"/>
  <system-out><![CDATA[]]></system-out>
  <system-err><![CDATA[]]></system-err>
</testsuite>
